2020-10-16T07:39:28.182Z [logger] info: Run server at URL: 3000
2020-10-16T07:39:42.123Z [logger] info: Run server at URL: 3000
2020-10-16T07:39:53.222Z [logger] info: Connected successfully to server
2020-10-16T07:39:54.537Z [logger] info: Run server at URL: 3000
2020-10-16T07:40:05.207Z [logger] info: Connected successfully to server
2020-10-16T07:40:08.938Z [logger] info: Run server at URL: 3000
2020-10-16T07:40:09.955Z [logger] info: Connected successfully to server
2020-10-16T07:40:16.856Z [logger] info: Run server at URL: 3000
2020-10-16T07:40:17.578Z [logger] info: Run server at URL: 3000
2020-10-16T07:40:28.173Z [logger] info: Connected successfully to server
2020-10-16T07:42:26.725Z [logger] info: Run server at URL: 3000
2020-10-16T07:42:37.806Z [logger] info: Connected successfully to server
2020-10-16T07:46:09.969Z [logger] info: Go to default homepage 
2020-10-16T09:21:41.466Z [logger] info: Run server at URL: 3000
2020-10-16T09:21:42.983Z [logger] info: Connected successfully to server
2020-10-16T09:27:56.966Z [logger] info: Run server at URL: 3000
2020-10-16T09:27:59.095Z [logger] info: Connected successfully to server
[logger] info: Run server at URL: 3000
[logger] info: Connected successfully to server
2020-10-16T09:32:28.642Z [logger] info: Run server at URL: 3000
2020-10-16T09:32:39.440Z [logger] info: Connected successfully to server
2020-10-16T09:38:47.255Z[logger] info: Run server at URL: 3000
2020-10-16T09:38:59.067Z[logger] info: Connected successfully to server
1602841246566[logger] info: Run server at URL: 3000
1602841252043[logger] info: Run server at URL: 3000
1602841266457[logger] info: Connected successfully to server
1602841433956[logger] info: Run server at URL: 3000
1602841441657[logger] info: Run server at URL: 3000
1602841442758[logger] info: Connected successfully to server
2020-10-16T09:45:17.212Z[logger] info: Run server at URL: 3000
2020-10-16T09:45:28.457Z[logger] info: Run server at URL: 3000
2020-10-16T09:45:39.173Z[logger] info: Connected successfully to server
2020-10-16T09:46:23.315Z[logger] info: Run server at URL: 3000
2020-10-16T09:46:24.517Z[logger] info: Connected successfully to server
2020-10-16T09:46:39.689Z[logger] info: Run server at URL: 3000
2020-10-16T09:46:40.746Z[logger] info: Connected successfully to server
2020-10-16T16:46:42+07:00[logger] info: Run server at URL: 3000
2020-10-16T16:46:52+07:00[logger] info: Connected successfully to server
2020-10-16T16:47:03+07:00[logger] info: Run server at URL: 3000
2020-10-16T16:47:14+07:00[logger] info: Connected successfully to server
2020-10-16T16:47:36+07:00[logger] info: Run server at URL: 3000
2020-10-16T16:47:37+07:00[logger] info: Connected successfully to server
2020-10-16T16:47:47+07:00info: Run server at URL: 3000
2020-10-16T16:47:50+07:00info: Run server at URL: 3000
2020-10-16T16:47:56+07:00 info: Run server at URL: 3000
2020-10-16T16:48:07+07:00 info: Connected successfully to server
2020-10-16T16:50:00+07:00 info: Run server at URL: 3000
2020-10-16T16:50:02+07:00 info: Connected successfully to server
2020-10-16T16:50:06+07:00 info: Run server at URL: 3000
2020-10-16T16:50:17+07:00 info: Connected successfully to server
16:51 info: Run server at URL: 3000
16:51 info: Connected successfully to server
16:52:03 info: Run server at URL: 3000
16:52:04 info: Connected successfully to server
16:54:35.761 info: Run server at URL: 3000
16:54:47.245 info: Connected successfully to server
16:54:59.439 info: Run server at URL: 3000
16:55:00.357 info: Connected successfully to server
16:55:34.970 info: Run server at URL: 3000
16:55:36.099 info: Connected successfully to server
16:55:42.890 info: Run server at URL: 3000
16:55:44.187 info: Connected successfully to server
16:55:59.585 info: Run server at URL: 3000
16:56:07.719 info: Run server at URL: 3000
16:56:14.926 info: Run server at URL: 3000
16:56:16.012 info: Connected successfully to server
16:56:45.028 info: Run server at URL: 3000
16:56:46.360 info: Connected successfully to server
16:56:49.759 info: Run server at URL: 3000
16:56:52.021 info: Run server at URL: 3000
16:56:53.569 info: Run server at URL: 3000
16:57:04.137 info: Connected successfully to server
16:57:35.641 info: Run server at URL: 3000
16:57:45.877 info: Run server at URL: 3000
16:57:51.101 info: Run server at URL: 3000
16:57:54.854 info: Run server at URL: 3000
16:58:00.687 info: Run server at URL: 3000
16:58:01.739 info: Connected successfully to server
16:58:17.356 info: Run server at URL: 3000
16:58:28.036 info: Connected successfully to server
16:58:29.074 info: Run server at URL: 3000
16:58:35.829 info: Run server at URL: 3000
16:58:42.360 info: Run server at URL: 3000
16:58:47.015 info: Run server at URL: 3000
16:58:57.925 info: Connected successfully to server
