{"message":"Run at port ${port}","level":"info","service":"user-service"}
{"message":"Run at port ${port}","level":"info","service":"user-service"}
{"message":"Run /","level":"warn","service":"user-service"}
{"message":"Run at port ${port}","level":"info"}
{"message":"Run /","level":"warn"}
{"message":"Run at port ${port}","level":"info"}
{"message":"Run at port ${port}","level":"info"}
{"message":"Run at port ${port}","level":"info"}
{"message":"Run at port ${port}","level":"info"}
{"message":"Run at port ${port}","level":"info"}
{"message":"Run /","level":"warn"}
{"message":"Run at port ${port}","level":"info"}
{"message":"Run at port ${port}","level":"info"}
{"message":"Run at port3000","level":"info"}
{"message":"Run at port: 3000","level":"info"}
{"message":"Run at port: 3000","level":"info"}
{"message":"Run at port: 3000","level":"info"}
{"message":"Run at port: 3000","level":"info"}
{"message":"Run at port: 3000","level":"info"}
{"message":"Run at port: 3000","level":"info"}
{"message":"Run at port: 3000","level":"info"}
{"message":"Run at port: 3000","level":"info"}
{"message":"Run at port: 3000","level":"info"}
{"message":"Run at port: 3000","level":"info"}
{"message":"Run at port: 3000","level":"info"}
{"message":"Run at port: 3000","level":"info"}
{"message":"Run at port: 3000","level":"info"}
{"message":"Run at port: 3000","level":"info"}
{"message":"Run at port: 3000","level":"info"}
{"message":"Run at port: 3000","level":"info"}
{"message":"Run at port: 3000","level":"info"}
{"message":"Run at port: 3000","level":"info"}
{"message":"Run at port: 3000","level":"info"}
{"message":"Run at port: 3000","level":"info"}
{"message":"Run at port: 3000","level":"info"}
{"message":"Run at port: 3000","level":"info"}
{"message":"Run at port: 3000","level":"info"}
{"message":"Run at port: 3000","level":"info"}
{"message":"Run at port: 3000","level":"info"}
{"message":"Run at port: 3000","level":"info"}
{"message":"Run at port: 3000","level":"info"}
{"message":"Run at port: 3000","level":"info"}
{"message":"Run at port: 3000","level":"info"}
{"message":"Run at port: 3000","level":"info"}
